<?xml version="1.0" encoding="UTF-8" ?>
<testsuite tests="12" failures="0" name="com.anneke.features.json.JSONObjectSerializerTest" time="0.35" errors="2" skipped="8">
  <properties>
[...]
</properties>
  <testcase classname="com.anneke.features.json.JSONObjectSerializerTest" name="testPrimitiveArray" time="0.071">
    <error message="[Ljava.lang.Integer; cannot be cast to [I" type="java.lang.ClassCastException">java.lang.ClassCastException: [Ljava.lang.Integer; cannot be cast to [I
	at com.anneke.features.json.JSONObjectSerializerTest.testPrimitiveArray(JSONObjectSerializerTest.java:108)
	at sun.reflect.NativeMethodAccessorImpl.invoke0(Native Method)
	at sun.reflect.NativeMethodAccessorImpl.invoke(NativeMethodAccessorImpl.java:62)
	at sun.reflect.DelegatingMethodAccessorImpl.invoke(DelegatingMethodAccessorImpl.java:43)
	at java.lang.reflect.Method.invoke(Method.java:497)
	at org.junit.runners.model.FrameworkMethod$1.runReflectiveCall(FrameworkMethod.java:45)
	at org.junit.internal.runners.model.ReflectiveCallable.run(ReflectiveCallable.java:15)
	at org.junit.runners.model.FrameworkMethod.invokeExplosively(FrameworkMethod.java:42)
	at org.junit.internal.runners.statements.InvokeMethod.evaluate(InvokeMethod.java:20)
	at org.junit.internal.runners.statements.RunBefores.evaluate(RunBefores.java:28)
	at org.junit.internal.runners.statements.RunAfters.evaluate(RunAfters.java:30)
	at org.junit.runners.ParentRunner.runLeaf(ParentRunner.java:263)
	at org.junit.runners.BlockJUnit4ClassRunner.runChild(BlockJUnit4ClassRunner.java:68)
	at org.junit.runners.BlockJUnit4ClassRunner.runChild(BlockJUnit4ClassRunner.java:47)
	at org.junit.runners.ParentRunner$3.run(ParentRunner.java:231)
	at org.junit.runners.ParentRunner$1.schedule(ParentRunner.java:60)
	at org.junit.runners.ParentRunner.runChildren(ParentRunner.java:229)
	at org.junit.runners.ParentRunner.access$000(ParentRunner.java:50)
	at org.junit.runners.ParentRunner$2.evaluate(ParentRunner.java:222)
	at org.junit.internal.runners.statements.RunBefores.evaluate(RunBefores.java:28)
	at org.junit.internal.runners.statements.RunAfters.evaluate(RunAfters.java:30)
	at org.junit.runners.ParentRunner.run(ParentRunner.java:300)
	at org.apache.maven.surefire.junit4.JUnit4Provider.execute(JUnit4Provider.java:252)
	at org.apache.maven.surefire.junit4.JUnit4Provider.executeTestSet(JUnit4Provider.java:141)
	at org.apache.maven.surefire.junit4.JUnit4Provider.invoke(JUnit4Provider.java:112)
	at sun.reflect.NativeMethodAccessorImpl.invoke0(Native Method)
	at sun.reflect.NativeMethodAccessorImpl.invoke(NativeMethodAccessorImpl.java:62)
	at sun.reflect.DelegatingMethodAccessorImpl.invoke(DelegatingMethodAccessorImpl.java:43)
	at java.lang.reflect.Method.invoke(Method.java:497)
	at org.apache.maven.surefire.util.ReflectionUtils.invokeMethodWithArray(ReflectionUtils.java:189)
	at org.apache.maven.surefire.booter.ProviderFactory$ProviderProxy.invoke(ProviderFactory.java:165)
	at org.apache.maven.surefire.booter.ProviderFactory.invokeProvider(ProviderFactory.java:85)
	at org.apache.maven.surefire.booter.ForkedBooter.runSuitesInProcess(ForkedBooter.java:115)
	at org.apache.maven.surefire.booter.ForkedBooter.main(ForkedBooter.java:75)
</error>
    <system-out>Main object class [I
Main object class java.lang.Integer
Main object class java.lang.Integer
Main object class java.lang.Integer
Main object class java.lang.Integer
[
  1,
  2,
  3,
  4
]
</system-out>
  </testcase>
  <testcase classname="com.anneke.features.json.JSONObjectSerializerTest" name="testPrimitiveList" time="0.072">
    <skipped/>
  </testcase>
  <testcase classname="com.anneke.features.json.JSONObjectSerializerTest" name="testIntegerGenericList" time="0.072">
    <skipped/>
  </testcase>
  <testcase classname="com.anneke.features.json.JSONObjectSerializerTest" name="testCustomGenericList" time="0.072">
    <skipped/>
  </testcase>
  <testcase classname="com.anneke.features.json.JSONObjectSerializerTest" name="testNull" time="0"/>
  <testcase classname="com.anneke.features.json.JSONObjectSerializerTest" name="testEnum" time="0.009"/>
  <testcase classname="com.anneke.features.json.JSONObjectSerializerTest" name="testString" time="0.009">
    <skipped/>
  </testcase>
  <testcase classname="com.anneke.features.json.JSONObjectSerializerTest" name="testPrimitive" time="0.009">
    <skipped/>
  </testcase>
  <testcase classname="com.anneke.features.json.JSONObjectSerializerTest" name="testInteger" time="0.01">
    <skipped/>
  </testcase>
  <testcase classname="com.anneke.features.json.JSONObjectSerializerTest" name="testIntegerArray" time="0.01">
    <skipped/>
  </testcase>
  <testcase classname="com.anneke.features.json.JSONObjectSerializerTest" name="testStringArray" time="0.01">
    <skipped/>
  </testcase>
  <testcase classname="com.anneke.features.json.JSONObjectSerializerTest" name="testCustomClass" time="0.006">
    <error message="Can not set [J field com.anneke.features.Person.positions to [Ljava.lang.Long;" type="java.lang.IllegalArgumentException">java.lang.IllegalArgumentException: Can not set [J field com.anneke.features.Person.positions to [Ljava.lang.Long;
	at sun.reflect.UnsafeFieldAccessorImpl.throwSetIllegalArgumentException(UnsafeFieldAccessorImpl.java:167)
	at sun.reflect.UnsafeFieldAccessorImpl.throwSetIllegalArgumentException(UnsafeFieldAccessorImpl.java:171)
	at sun.reflect.UnsafeObjectFieldAccessorImpl.set(UnsafeObjectFieldAccessorImpl.java:81)
	at java.lang.reflect.Field.set(Field.java:764)
	at com.anneke.features.json.JSONObjectSerializer.deserialize(JSONObjectSerializer.java:217)
	at com.anneke.features.json.JSONObjectSerializer.deserialize(JSONObjectSerializer.java:174)
	at com.anneke.features.json.JSONObjectSerializerTest.testCustomClass(JSONObjectSerializerTest.java:248)
	at sun.reflect.NativeMethodAccessorImpl.invoke0(Native Method)
	at sun.reflect.NativeMethodAccessorImpl.invoke(NativeMethodAccessorImpl.java:62)
	at sun.reflect.DelegatingMethodAccessorImpl.invoke(DelegatingMethodAccessorImpl.java:43)
	at java.lang.reflect.Method.invoke(Method.java:497)
	at org.junit.runners.model.FrameworkMethod$1.runReflectiveCall(FrameworkMethod.java:45)
	at org.junit.internal.runners.model.ReflectiveCallable.run(ReflectiveCallable.java:15)
	at org.junit.runners.model.FrameworkMethod.invokeExplosively(FrameworkMethod.java:42)
	at org.junit.internal.runners.statements.InvokeMethod.evaluate(InvokeMethod.java:20)
	at org.junit.internal.runners.statements.RunBefores.evaluate(RunBefores.java:28)
	at org.junit.internal.runners.statements.RunAfters.evaluate(RunAfters.java:30)
	at org.junit.runners.ParentRunner.runLeaf(ParentRunner.java:263)
	at org.junit.runners.BlockJUnit4ClassRunner.runChild(BlockJUnit4ClassRunner.java:68)
	at org.junit.runners.BlockJUnit4ClassRunner.runChild(BlockJUnit4ClassRunner.java:47)
	at org.junit.runners.ParentRunner$3.run(ParentRunner.java:231)
	at org.junit.runners.ParentRunner$1.schedule(ParentRunner.java:60)
	at org.junit.runners.ParentRunner.runChildren(ParentRunner.java:229)
	at org.junit.runners.ParentRunner.access$000(ParentRunner.java:50)
	at org.junit.runners.ParentRunner$2.evaluate(ParentRunner.java:222)
	at org.junit.internal.runners.statements.RunBefores.evaluate(RunBefores.java:28)
	at org.junit.internal.runners.statements.RunAfters.evaluate(RunAfters.java:30)
	at org.junit.runners.ParentRunner.run(ParentRunner.java:300)
	at org.apache.maven.surefire.junit4.JUnit4Provider.execute(JUnit4Provider.java:252)
	at org.apache.maven.surefire.junit4.JUnit4Provider.executeTestSet(JUnit4Provider.java:141)
	at org.apache.maven.surefire.junit4.JUnit4Provider.invoke(JUnit4Provider.java:112)
	at sun.reflect.NativeMethodAccessorImpl.invoke0(Native Method)
	at sun.reflect.NativeMethodAccessorImpl.invoke(NativeMethodAccessorImpl.java:62)
	at sun.reflect.DelegatingMethodAccessorImpl.invoke(DelegatingMethodAccessorImpl.java:43)
	at java.lang.reflect.Method.invoke(Method.java:497)
	at org.apache.maven.surefire.util.ReflectionUtils.invokeMethodWithArray(ReflectionUtils.java:189)
	at org.apache.maven.surefire.booter.ProviderFactory$ProviderProxy.invoke(ProviderFactory.java:165)
	at org.apache.maven.surefire.booter.ProviderFactory.invokeProvider(ProviderFactory.java:85)
	at org.apache.maven.surefire.booter.ForkedBooter.runSuitesInProcess(ForkedBooter.java:115)
	at org.apache.maven.surefire.booter.ForkedBooter.main(ForkedBooter.java:75)
</error>
    <system-out>Main object class com.anneke.features.Person
Main object class java.lang.Integer
Main object class java.lang.String
Main object class java.lang.String
Main object class java.lang.Integer
Main object class java.lang.String
Main object class java.lang.Boolean
Main object class com.anneke.features.PhoneNumber
Main object class java.lang.String
Main object class com.anneke.features.PhoneNumber$Type
Main object class [J
Main object class java.lang.Long
Main object class java.lang.Long
Main object class com.anneke.features.Person
Main object class java.lang.Integer
Main object class java.lang.Boolean
{
  &quot;id&quot;: 1,
  &quot;firstName&quot;: &quot;Lisa&quot;,
  &quot;lastName&quot;: &quot;Levenhuk&quot;,
  &quot;age&quot;: 17,
  &quot;adress&quot;: &quot;Khimki&quot;,
  &quot;isMarried&quot;: false,
  &quot;phoneNumber&quot;: {
    &quot;number&quot;: &quot;12345&quot;,
    &quot;type&quot;: &quot;SELL&quot;
  },
  &quot;positions&quot;: [
    55,
    77
  ],
  &quot;husband&quot;: {
    &quot;age&quot;: 0,
    &quot;isMarried&quot;: false
  }
}
id 1
firstName Lisa
lastName Levenhuk
age 17
adress Khimki
isMarried false
number 12345
type SELL
phoneNumber number=12345, type=SELL
</system-out>
  </testcase>
</testsuite>